gosoon/proguard/seeds.txt
com.gosoon.AddressEditActivity
com.gosoon.AddressEditActivity: AddressEditActivity()
com.gosoon.AddressEditActivity$2: void onClick(android.view.View)
com.gosoon.AddressEditActivity$5: void onClick(android.content.DialogInterface,int)
com.gosoon.AddressEditActivity$6: void onClick(android.content.DialogInterface,int)
com.gosoon.BaiduPushReceiver
com.gosoon.BaiduPushReceiver: BaiduPushReceiver()
com.gosoon.BaseActivity: BaseActivity()
com.gosoon.BaseActivity: void onClick(android.view.View)
com.gosoon.BaseActivity$1: void onClick(android.view.View)
com.gosoon.BaseActivity$2: void onClick(android.content.DialogInterface,int)
com.gosoon.BaseActivity$4: void onClick(android.content.DialogInterface,int)
com.gosoon.BaseActivity$5: void onClick(android.content.DialogInterface,int)
com.gosoon.BonusActivity
com.gosoon.BonusActivity: BonusActivity()
com.gosoon.BonusActivity: void onClick(android.view.View)
com.gosoon.BonusActivity$3: void onClick(android.content.DialogInterface,int)
com.gosoon.BonusActivity$4: void onClick(android.content.DialogInterface,int)
com.gosoon.IntegralActivity
com.gosoon.IntegralActivity: IntegralActivity()
com.gosoon.IntegralActivity$1: void onClick(android.view.View)
com.gosoon.LoginActivity
com.gosoon.LoginActivity: LoginActivity()
com.gosoon.LoginActivity: void onClick(android.view.View)
com.gosoon.MainActivity
com.gosoon.MainActivity: MainActivity()
com.gosoon.MainActivity$1: void onClick(android.view.View)
com.gosoon.MainActivity$4$1: void onClick(android.content.DialogInterface,int)
com.gosoon.MainActivity$4$2: void onClick(android.content.DialogInterface,int)
com.gosoon.MainActivity$5: void onClick(android.content.DialogInterface,int)
com.gosoon.MainActivity$7: void onClick(android.content.DialogInterface,int)
com.gosoon.MainActivity$8: void onClick(android.content.DialogInterface,int)
com.gosoon.MyApplication
com.gosoon.MyApplication: MyApplication()
com.gosoon.MyCollectionActivity
com.gosoon.MyCollectionActivity: MyCollectionActivity()
com.gosoon.MyCollectionActivity$1: void onClick(android.view.View)
com.gosoon.MyCollectionActivity$6: void onClick(android.view.View)
com.gosoon.MyOrderActivity
com.gosoon.MyOrderActivity: MyOrderActivity()
com.gosoon.MyOrderActivity$1: void onClick(android.view.View)
com.gosoon.OrderResultActivity
com.gosoon.OrderResultActivity: OrderResultActivity()
com.gosoon.OrderResultActivity: void onClick(android.view.View)
com.gosoon.R$array: int entries_devlier_type
com.gosoon.R$array: int entries_devlier_type_values
com.gosoon.R$color: int background_color
com.gosoon.R$color: int bg_top_login
com.gosoon.R$color: int black
com.gosoon.R$color: int btn_click
com.gosoon.R$color: int category_desc
com.gosoon.R$color: int gray
com.gosoon.R$color: int integral_item_desc
com.gosoon.R$color: int integral_item_number
com.gosoon.R$color: int list_top
com.gosoon.R$color: int main_category_text
com.gosoon.R$color: int navi_background
com.gosoon.R$color: int navi_label_normal
com.gosoon.R$color: int navi_label_selected
com.gosoon.R$color: int products_item_price_market
com.gosoon.R$color: int products_item_promote
com.gosoon.R$color: int products_item_rmb_label
com.gosoon.R$color: int products_item_size
com.gosoon.R$color: int products_top_title
com.gosoon.R$color: int shoppingcart_title
com.gosoon.R$color: int shoppingcart_total_label
com.gosoon.R$color: int white
com.gosoon.R$dimen: int activity_horizontal_margin
com.gosoon.R$dimen: int activity_vertical_margin
...
com.baidu.android.pushservice.aidl.IPushService$Stub$a
com.baidu.android.pushservice.aidl.IPushService$Stub$a: android.os.IBinder a
com.baidu.android.pushservice.aidl.IPushService$Stub$a: IPushService$Stub$a(android.os.IBinder)
com.baidu.android.pushservice.aidl.IPushService$Stub$a: android.os.IBinder asBinder()
com.baidu.android.pushservice.aidl.IPushService$Stub$a: java.lang.String a()
com.baidu.android.pushservice.aidl.IPushService$Stub$a: void subscribeLight(java.lang.String,java.lang.String,boolean,com.baidu.android.pushservice.aidl.IPushServiceListener)
com.baidu.android.pushservice.aidl.IPushService$Stub$a: void unsubscribeLight(java.lang.String,java.lang.String,com.baidu.android.pushservice.aidl.IPushServiceListener)
com.baidu.android.pushservice.aidl.IPushService$Stub$a: void unbindLight(java.lang.String,java.lang.String,com.baidu.android.pushservice.aidl.IPushServiceListener)
com.baidu.android.pushservice.aidl.IPushService$Stub$a: java.lang.String getSubcribedApps()
com.baidu.android.pushservice.aidl.IPushService$Stub$a: java.lang.String getSubscribedAppids()
com.baidu.android.pushservice.aidl.IPushService$Stub$a: java.lang.String getSubscribedAppinfos(java.lang.String)
com.baidu.android.pushservice.aidl.IPushService$Stub$a: java.lang.String getMsgs(java.lang.String,int,boolean,int,int)
com.baidu.android.pushservice.aidl.IPushService$Stub$a: int getUnreadMsgNumber(java.lang.String,int)
com.baidu.android.pushservice.aidl.IPushServiceListener
com.baidu.android.pushservice.aidl.IPushServiceListener: void onSubscribe(int,java.lang.String)
com.baidu.android.pushservice.aidl.IPushServiceListener: void onUnsubscribe(int,java.lang.String)
com.baidu.android.pushservice.aidl.IPushServiceListener: void onUnbindLight(int,java.lang.String)
com.baidu.android.pushservice.aidl.IPushServiceListener$Stub
com.baidu.android.pushservice.aidl.IPushServiceListener$Stub: java.lang.String a
com.baidu.android.pushservice.aidl.IPushServiceListener$Stub: int d
com.baidu.android.pushservice.aidl.IPushServiceListener$Stub: int e
com.baidu.android.pushservice.aidl.IPushServiceListener$Stub: int f
com.baidu.android.pushservice.aidl.IPushServiceListener$Stub: IPushServiceListener$Stub()
com.baidu.android.pushservice.aidl.IPushServiceListener$Stub: com.baidu.android.pushservice.aidl.IPushServiceListener asInterface(android.os.IBinder)
com.baidu.android.pushservice.aidl.IPushServiceListener$Stub: android.os.IBinder asBinder()
com.baidu.android.pushservice.aidl.IPushServiceListener$Stub: boolean onTransact(int,android.os.Parcel,android.os.Parcel,int)
com.baidu.android.pushservice.aidl.IPushServiceListener$Stub$a
com.baidu.android.pushservice.aidl.IPushServiceListener$Stub$a: android.os.IBinder a
com.baidu.android.pushservice.aidl.IPushServiceListener$Stub$a: IPushServiceListener$Stub$a(android.os.IBinder)
com.baidu.android.pushservice.aidl.IPushServiceListener$Stub$a: android.os.IBinder asBinder()
com.baidu.android.pushservice.aidl.IPushServiceListener$Stub$a: java.lang.String a()
com.baidu.android.pushservice.aidl.IPushServiceListener$Stub$a: void onSubscribe(int,java.lang.String)
com.baidu.android.pushservice.aidl.IPushServiceListener$Stub$a: void onUnsubscribe(int,java.lang.String)
com.baidu.android.pushservice.aidl.IPushServiceListener$Stub$a: void onUnbindLight(int,java.lang.String)