gosoon/proguard/usage.txt
com.gosoon.AddressEditActivity:
    public static final java.lang.String EXTRA_ADD
    public static final java.lang.String EXTRA_ENTITY
    private android.widget.EditText et_address_name
    static final int SELECT_PROVINCE
    static final int SELECT_CITY
    static final int SELECT_AREA
com.gosoon.BaseActivity:
    95:99:void hideLeftButton(boolean)
    205:206:private void showMessage(java.lang.String)
com.gosoon.BuildConfig
com.gosoon.MainActivity:
    public static final java.lang.String FRAGMENT_INDEX
    public static final int FRAGMENT_INDEX_NULL
    public static final int FRAGMENT_INDEX_HOME
    public static final int FRAGMENT_INDEX_CATEGORY
    public static final int FRAGMENT_INDEX_SHOPPINGCART
    public static final int FRAGMENT_INDEX_USER
    public static final int FRAGMENT_INDEX_SETTING
    public static final int PROCESSDIALOG_ID_GETCATEGORY
    public static final int PROCESSDIALOG_ID_GETGOODSLIST
    public static final int PROCESSDIALOG_ID_GETGOODSDETAIL
    public static final int PROCESSDIALOG_ID_GETUSERADDRESSLIST
    public static final int PROCESSDIALOG_ID_GETPAYMENT
    public static final int PROCESSDIALOG_ID_GETSHIPPING
    public static final int PROCESSDIALOG_ID_GETREGION
    public static final int PROCESSDIALOG_ID_ADDRESS_EDIT
    public static final int PROCESSDIALOG_ID_MY_ORDERS
    public static final int PROCESSDIALOG_ID_MY_COLLECTIONS
    public static final int PROCESSDIALOG_ID_CREATE_ORDER
    public static final int ALERTDIALOG_ID_GETCATEGORY
    public static final int ALERTDIALOG_ID_GETGOODSLIST
    public static final int ALERTDIALOG_ID_GETGOODSDETAIL
    public static final int ALERTDIALOG_ID_GETUSERADDRESSLIST
    public static final int ALERTDIALOG_ID_GETPAYMENT
    public static final int ALERTDIALOG_ID_GETSHIPPING
    public static final int ALERTDIALOG_ID_GETREGION
    public static final int ALERTDIALOG_ID_ADDRESS_EDIT
com.gosoon.MainActivity$4
com.gosoon.MainActivity$4$1
com.gosoon.MainActivity$4$2
com.gosoon.MyOrderActivity:
    public static final int RESULT_VIEW_GOODS
    android.view.View view_top_detail
    android.widget.ImageButton mAddBonusBtn
com.gosoon.R
com.gosoon.R$array
com.gosoon.R$attr
com.gosoon.R$color
com.gosoon.R$dimen
com.gosoon.R$drawable
com.gosoon.R$id
com.gosoon.R$layout
com.gosoon.R$menu
com.gosoon.R$string
com.gosoon.R$style
com.gosoon.RegisterActivity:
    static final int COUNT_DOWN_SECOND
com.gosoon.WelcomeActivity:
    public static final int DURATION
com.gosoon.account.MyAccount:
    22:22:public MyAccount()
    97:98:public static void unRegisterUserCallback(com.gosoon.util.MyRequestCallback)
com.gosoon.adapter.BaseListAdapter:
    60:62:public void addData(java.util.List)
com.gosoon.addressListActivity:
    public static final java.lang.String PARAM_SELECTED_ITEM
    public static final java.lang.String PARAM_SELECTED_ADDRESS_ID
    public static final int REQUEST_ADD_ADDRESS
com.gosoon.entity.AccountLogEntity:
    public static final java.lang.String USER_ID
    public static final java.lang.String USER_MONEY
    public static final java.lang.String FROZEN_MONEY
    public static final java.lang.String RANK_POINTS
    public static final java.lang.String PAY_POINTS
    public static final java.lang.String CHANGE_TIME
    public static final java.lang.String CHANGE_DESC
    public static final java.lang.String CHANGE_TYPE
    16:17:public AccountLogEntity(org.json.JSONObject)
com.gosoon.entity.AdsEntity:
    public static final java.lang.String IMAGE
    public static final java.lang.String TARGET
...
android.support.v4.widget.SimpleCursorAdapter
android.support.v4.widget.SimpleCursorAdapter$CursorToStringConverter
android.support.v4.widget.SimpleCursorAdapter$ViewBinder
android.support.v4.widget.SlidingPaneLayout:
    private static final java.lang.String TAG
    private static final int DEFAULT_OVERHANG_SIZE
    private static final int DEFAULT_FADE_COLOR
    private static final int MIN_FLING_VELOCITY
    246:247:public SlidingPaneLayout(android.content.Context)
    250:251:public SlidingPaneLayout(android.content.Context,android.util.AttributeSet)
    254:269:public SlidingPaneLayout(android.content.Context,android.util.AttributeSet,int)
    330:333:void dispatchOnPanelSlide(android.view.View)
    336:340:void dispatchOnPanelOpened(android.view.View)
    343:347:void dispatchOnPanelClosed(android.view.View)
    815:816:public void smoothSlideOpen()
    833:834:public void smoothSlideClosed()
    862:862:public boolean canSlide()
    876:889:private void onPanelDragged(int)
    1070:1089:protected boolean canScroll(android.view.View,boolean,int,int,int)
    90:90:static synthetic boolean access$100(android.support.v4.widget.SlidingPaneLayout)
    90:90:static synthetic android.support.v4.widget.ViewDragHelper access$200(android.support.v4.widget.SlidingPaneLayout)
    90:90:static synthetic float access$300(android.support.v4.widget.SlidingPaneLayout)
    90:90:static synthetic android.view.View access$400(android.support.v4.widget.SlidingPaneLayout)
    90:90:static synthetic boolean access$502(android.support.v4.widget.SlidingPaneLayout,boolean)
    90:90:static synthetic void access$600(android.support.v4.widget.SlidingPaneLayout,int)
android.support.v4.widget.SlidingPaneLayout$AccessibilityDelegate
android.support.v4.widget.SlidingPaneLayout$DragHelperCallback
android.support.v4.widget.SlidingPaneLayout$LayoutParams:
    1244:1245:public SlidingPaneLayout$LayoutParams(int,int)
    1256:1258:public SlidingPaneLayout$LayoutParams(android.support.v4.widget.SlidingPaneLayout$LayoutParams)
android.support.v4.widget.SlidingPaneLayout$PanelSlideListener:
    public abstract void onPanelSlide(android.view.View,float)
    public abstract void onPanelOpened(android.view.View)
    public abstract void onPanelClosed(android.view.View)
android.support.v4.widget.SlidingPaneLayout$SimplePanelSlideListener
android.support.v4.widget.ViewDragHelper:
    private static final java.lang.String TAG
    public static final int INVALID_POINTER
    public static final int STATE_IDLE
    public static final int STATE_DRAGGING
    public static final int STATE_SETTLING
    public static final int EDGE_LEFT
    public static final int EDGE_RIGHT
    public static final int EDGE_TOP
    public static final int EDGE_BOTTOM
    public static final int EDGE_ALL
    public static final int DIRECTION_HORIZONTAL
    public static final int DIRECTION_VERTICAL
    public static final int DIRECTION_ALL
    private static final int EDGE_SIZE
    private static final int BASE_SETTLE_DURATION
    private static final int MAX_SETTLE_DURATION
    347:347:public static android.support.v4.widget.ViewDragHelper create(android.view.ViewGroup,android.support.v4.widget.ViewDragHelper$Callback)
    360:362:public static android.support.v4.widget.ViewDragHelper create(android.view.ViewGroup,float,android.support.v4.widget.ViewDragHelper$Callback)
    373:392:private ViewDragHelper(android.content.Context,android.view.ViewGroup,android.support.v4.widget.ViewDragHelper$Callback)
    401:402:public void setMinVelocity(float)
    412:412:public float getMinVelocity()
    437:438:public void setEdgeTrackingEnabled(int)
    483:483:public int getActivePointerId()
    690:701:public void flingCapturedView(int,int,int,int)
    908:927:protected boolean canScroll(android.view.View,boolean,int,int,int,int)
android.support.v4.widget.ViewDragHelper$2
android.support.v4.widget.ViewDragHelper$Callback:
    148:148:public ViewDragHelper$Callback()